{"C:\\Algoo\\backend\\openAPI.ts": {"path":"C:\\Algoo\\backend\\openAPI.ts","statementMap":{"0":{"start":{"line":1,"column":0},"end":{"line":1,"column":74}},"1":{"start":{"line":2,"column":0},"end":{"line":2,"column":61}},"2":{"start":{"line":3,"column":0},"end":{"line":3,"column":71}},"3":{"start":{"line":4,"column":0},"end":{"line":4,"column":72}},"4":{"start":{"line":7,"column":21},"end":{"line":9,"column":2}},"5":{"start":{"line":10,"column":13},"end":{"line":18,"column":2}}},"fnMap":{},"branchMap":{},"s":{"0":2,"1":2,"2":2,"3":2,"4":2,"5":2},"f":{},"b":{}}
,"C:\\Algoo\\backend\\src\\app.ts": {"path":"C:\\Algoo\\backend\\src\\app.ts","statementMap":{"0":{"start":{"line":1,"column":0},"end":{"line":1,"column":43}},"1":{"start":{"line":2,"column":0},"end":{"line":2,"column":58}},"2":{"start":{"line":3,"column":0},"end":{"line":3,"column":55}},"3":{"start":{"line":4,"column":0},"end":{"line":4,"column":40}},"4":{"start":{"line":5,"column":0},"end":{"line":5,"column":72}},"5":{"start":{"line":7,"column":0},"end":{"line":7,"column":41}},"6":{"start":{"line":10,"column":13},"end":{"line":10,"column":75}},"7":{"start":{"line":12,"column":0},"end":{"line":22,"column":4}},"8":{"start":{"line":16,"column":4},"end":{"line":16,"column":33}}},"fnMap":{"0":{"name":"(anonymous_7)","decl":{"start":{"line":15,"column":18},"end":{"line":15,"column":19}},"loc":{"start":{"line":15,"column":32},"end":{"line":17,"column":3}}}},"branchMap":{},"s":{"0":2,"1":2,"2":2,"3":2,"4":2,"5":2,"6":2,"7":2,"8":0},"f":{"0":0},"b":{}}
,"C:\\Algoo\\backend\\src\\auth.ts": {"path":"C:\\Algoo\\backend\\src\\auth.ts","statementMap":{"0":{"start":{"line":1,"column":0},"end":{"line":1,"column":57}},"1":{"start":{"line":2,"column":0},"end":{"line":2,"column":33}},"2":{"start":{"line":3,"column":0},"end":{"line":3,"column":32}},"3":{"start":{"line":4,"column":0},"end":{"line":4,"column":70}},"4":{"start":{"line":5,"column":0},"end":{"line":5,"column":37}},"5":{"start":{"line":8,"column":33},"end":{"line":8,"column":38}},"6":{"start":{"line":10,"column":13},"end":{"line":10,"column":39}},"7":{"start":{"line":11,"column":13},"end":{"line":11,"column":96}},"8":{"start":{"line":12,"column":0},"end":{"line":12,"column":34}},"9":{"start":{"line":13,"column":0},"end":{"line":26,"column":6}},"10":{"start":{"line":20,"column":4},"end":{"line":25,"column":5}},"11":{"start":{"line":21,"column":25},"end":{"line":21,"column":61}},"12":{"start":{"line":22,"column":6},"end":{"line":22,"column":30}},"13":{"start":{"line":24,"column":6},"end":{"line":24,"column":29}}},"fnMap":{"0":{"name":"(anonymous_1)","decl":{"start":{"line":19,"column":2},"end":{"line":19,"column":7}},"loc":{"start":{"line":19,"column":64},"end":{"line":26,"column":3}}}},"branchMap":{"0":{"loc":{"start":{"line":20,"column":4},"end":{"line":25,"column":5}},"type":"if","locations":[{"start":{"line":20,"column":4},"end":{"line":25,"column":5}},{"start":{"line":23,"column":11},"end":{"line":25,"column":5}}]}},"s":{"0":2,"1":2,"2":2,"3":2,"4":2,"5":2,"6":2,"7":2,"8":2,"9":2,"10":0,"11":0,"12":0,"13":0},"f":{"0":0},"b":{"0":[0,0]}}
,"C:\\Algoo\\backend\\src\\const.ts": {"path":"C:\\Algoo\\backend\\src\\const.ts","statementMap":{"0":{"start":{"line":1,"column":0},"end":{"line":1,"column":28}},"1":{"start":{"line":3,"column":0},"end":{"line":3,"column":16}},"2":{"start":{"line":5,"column":13},"end":{"line":5,"column":58}},"3":{"start":{"line":6,"column":13},"end":{"line":6,"column":56}}},"fnMap":{},"branchMap":{"0":{"loc":{"start":{"line":6,"column":30},"end":{"line":6,"column":54}},"type":"binary-expr","locations":[{"start":{"line":6,"column":30},"end":{"line":6,"column":46}},{"start":{"line":6,"column":50},"end":{"line":6,"column":54}}]}},"s":{"0":2,"1":2,"2":2,"3":2},"f":{},"b":{"0":[2,2]}}
,"C:\\Algoo\\backend\\src\\routingControllersOptions.ts": {"path":"C:\\Algoo\\backend\\src\\routingControllersOptions.ts","statementMap":{"0":{"start":{"line":2,"column":0},"end":{"line":2,"column":32}},"1":{"start":{"line":4,"column":0},"end":{"line":4,"column":64}},"2":{"start":{"line":7,"column":13},"end":{"line":24,"column":2}},"3":{"start":{"line":15,"column":4},"end":{"line":22,"column":6}},"4":{"start":{"line":16,"column":6},"end":{"line":21,"column":55}},"5":{"start":{"line":17,"column":8},"end":{"line":17,"column":36}},"6":{"start":{"line":17,"column":17},"end":{"line":17,"column":36}},"7":{"start":{"line":18,"column":8},"end":{"line":18,"column":41}},"8":{"start":{"line":18,"column":19},"end":{"line":18,"column":41}},"9":{"start":{"line":19,"column":8},"end":{"line":19,"column":35}},"10":{"start":{"line":20,"column":8},"end":{"line":20,"column":29}},"11":{"start":{"line":23,"column":42},"end":{"line":23,"column":61}}},"fnMap":{"0":{"name":"(anonymous_1)","decl":{"start":{"line":14,"column":24},"end":{"line":14,"column":29}},"loc":{"start":{"line":15,"column":4},"end":{"line":22,"column":6}}},"1":{"name":"(anonymous_2)","decl":{"start":{"line":15,"column":25},"end":{"line":15,"column":26}},"loc":{"start":{"line":15,"column":65},"end":{"line":22,"column":5}}},"2":{"name":"(anonymous_3)","decl":{"start":{"line":16,"column":35},"end":{"line":16,"column":36}},"loc":{"start":{"line":16,"column":64},"end":{"line":21,"column":7}}},"3":{"name":"(anonymous_4)","decl":{"start":{"line":23,"column":22},"end":{"line":23,"column":23}},"loc":{"start":{"line":23,"column":42},"end":{"line":23,"column":61}}}},"branchMap":{"0":{"loc":{"start":{"line":17,"column":8},"end":{"line":17,"column":36}},"type":"if","locations":[{"start":{"line":17,"column":8},"end":{"line":17,"column":36}}]},"1":{"loc":{"start":{"line":18,"column":8},"end":{"line":18,"column":41}},"type":"if","locations":[{"start":{"line":18,"column":8},"end":{"line":18,"column":41}}]}},"s":{"0":2,"1":2,"2":2,"3":2,"4":2,"5":2,"6":0,"7":2,"8":2,"9":0,"10":0,"11":0},"f":{"0":2,"1":2,"2":2,"3":0},"b":{"0":[0],"1":[2]}}
,"C:\\Algoo\\backend\\src\\controllers\\AuthCtrl.ts": {"path":"C:\\Algoo\\backend\\src\\controllers\\AuthCtrl.ts","statementMap":{"0":{"start":{"line":1,"column":0},"end":{"line":1,"column":69}},"1":{"start":{"line":2,"column":0},"end":{"line":2,"column":57}},"2":{"start":{"line":3,"column":0},"end":{"line":3,"column":null}},"3":{"start":{"line":11,"column":0},"end":{"line":11,"column":33}},"4":{"start":{"line":12,"column":0},"end":{"line":12,"column":53}},"5":{"start":{"line":16,"column":7},"end":{"line":32,"column":null}},"6":{"start":{"line":18,"column":11},"end":{"line":18,"column":20}},"7":{"start":{"line":24,"column":4},"end":{"line":24,"column":42}},"8":{"start":{"line":30,"column":4},"end":{"line":30,"column":16}},"9":{"start":{"line":16,"column":13},"end":{"line":16,"column":21}},"10":{"start":{"line":23,"column":2},"end":{"line":25,"column":null}},"11":{"start":{"line":29,"column":2},"end":{"line":31,"column":null}},"12":{"start":{"line":16,"column":13},"end":{"line":32,"column":null}}},"fnMap":{"0":{"name":"(anonymous_5)","decl":{"start":{"line":17,"column":2},"end":{"line":17,"column":null}},"loc":{"start":{"line":18,"column":31},"end":{"line":20,"column":3}}},"1":{"name":"(anonymous_6)","decl":{"start":{"line":23,"column":2},"end":{"line":23,"column":7}},"loc":{"start":{"line":23,"column":33},"end":{"line":25,"column":3}}},"2":{"name":"(anonymous_7)","decl":{"start":{"line":29,"column":2},"end":{"line":29,"column":12}},"loc":{"start":{"line":29,"column":38},"end":{"line":31,"column":3}}}},"branchMap":{},"s":{"0":2,"1":2,"2":2,"3":2,"4":2,"5":2,"6":0,"7":0,"8":0,"9":2,"10":2,"11":2,"12":2},"f":{"0":0,"1":0,"2":0},"b":{}}
,"C:\\Algoo\\backend\\src\\controllers\\GameRoomCtrl.ts": {"path":"C:\\Algoo\\backend\\src\\controllers\\GameRoomCtrl.ts","statementMap":{"0":{"start":{"line":1,"column":0},"end":{"line":1,"column":59}},"1":{"start":{"line":2,"column":0},"end":{"line":2,"column":64}},"2":{"start":{"line":3,"column":0},"end":{"line":3,"column":33}},"3":{"start":{"line":4,"column":0},"end":{"line":4,"column":52}},"4":{"start":{"line":8,"column":7},"end":{"line":25,"column":null}},"5":{"start":{"line":10,"column":11},"end":{"line":10,"column":31}},"6":{"start":{"line":16,"column":4},"end":{"line":16,"column":41}},"7":{"start":{"line":21,"column":27},"end":{"line":21,"column":41}},"8":{"start":{"line":22,"column":4},"end":{"line":22,"column":39}},"9":{"start":{"line":23,"column":4},"end":{"line":23,"column":16}},"10":{"start":{"line":8,"column":13},"end":{"line":8,"column":25}},"11":{"start":{"line":15,"column":2},"end":{"line":17,"column":null}},"12":{"start":{"line":20,"column":2},"end":{"line":24,"column":null}},"13":{"start":{"line":8,"column":13},"end":{"line":25,"column":null}}},"fnMap":{"0":{"name":"(anonymous_2)","decl":{"start":{"line":9,"column":2},"end":{"line":9,"column":null}},"loc":{"start":{"line":10,"column":49},"end":{"line":12,"column":3}}},"1":{"name":"(anonymous_3)","decl":{"start":{"line":15,"column":2},"end":{"line":15,"column":10}},"loc":{"start":{"line":15,"column":10},"end":{"line":17,"column":3}}},"2":{"name":"(anonymous_4)","decl":{"start":{"line":20,"column":2},"end":{"line":20,"column":12}},"loc":{"start":{"line":20,"column":12},"end":{"line":24,"column":3}}}},"branchMap":{},"s":{"0":2,"1":2,"2":2,"3":2,"4":2,"5":2,"6":4,"7":2,"8":2,"9":2,"10":2,"11":2,"12":2,"13":2},"f":{"0":2,"1":4,"2":2},"b":{}}
,"C:\\Algoo\\backend\\src\\repositories\\GameRoomRepository.ts": {"path":"C:\\Algoo\\backend\\src\\repositories\\GameRoomRepository.ts","statementMap":{"0":{"start":{"line":2,"column":0},"end":{"line":2,"column":91}},"1":{"start":{"line":3,"column":0},"end":{"line":3,"column":null}},"2":{"start":{"line":10,"column":0},"end":{"line":10,"column":33}},"3":{"start":{"line":18,"column":42},"end":{"line":21,"column":2}},"4":{"start":{"line":22,"column":41},"end":{"line":25,"column":2}},"5":{"start":{"line":28,"column":7},"end":{"line":115,"column":null}},"6":{"start":{"line":35,"column":4},"end":{"line":35,"column":21}},"7":{"start":{"line":36,"column":4},"end":{"line":36,"column":24}},"8":{"start":{"line":40,"column":4},"end":{"line":40,"column":38}},"9":{"start":{"line":44,"column":4},"end":{"line":44,"column":34}},"10":{"start":{"line":45,"column":4},"end":{"line":45,"column":35}},"11":{"start":{"line":49,"column":4},"end":{"line":49,"column":29}},"12":{"start":{"line":50,"column":4},"end":{"line":52,"column":5}},"13":{"start":{"line":51,"column":6},"end":{"line":51,"column":28}},"14":{"start":{"line":53,"column":4},"end":{"line":53,"column":32}},"15":{"start":{"line":57,"column":41},"end":{"line":57,"column":62}},"16":{"start":{"line":58,"column":4},"end":{"line":58,"column":65}},"17":{"start":{"line":58,"column":19},"end":{"line":58,"column":65}},"18":{"start":{"line":59,"column":4},"end":{"line":59,"column":20}},"19":{"start":{"line":63,"column":4},"end":{"line":63,"column":42}},"20":{"start":{"line":64,"column":4},"end":{"line":64,"column":68}},"21":{"start":{"line":68,"column":29},"end":{"line":68,"column":47}},"22":{"start":{"line":69,"column":4},"end":{"line":69,"column":32}},"23":{"start":{"line":71,"column":4},"end":{"line":78,"column":5}},"24":{"start":{"line":72,"column":6},"end":{"line":77,"column":36}},"25":{"start":{"line":73,"column":8},"end":{"line":76,"column":9}},"26":{"start":{"line":74,"column":10},"end":{"line":74,"column":46}},"27":{"start":{"line":75,"column":10},"end":{"line":75,"column":32}},"28":{"start":{"line":86,"column":29},"end":{"line":86,"column":47}},"29":{"start":{"line":87,"column":4},"end":{"line":87,"column":56}},"30":{"start":{"line":95,"column":29},"end":{"line":95,"column":47}},"31":{"start":{"line":97,"column":4},"end":{"line":104,"column":14}},"32":{"start":{"line":98,"column":34},"end":{"line":100,"column":8}},"33":{"start":{"line":101,"column":26},"end":{"line":101,"column":46}},"34":{"start":{"line":102,"column":6},"end":{"line":102,"column":38}},"35":{"start":{"line":103,"column":6},"end":{"line":103,"column":16}},"36":{"start":{"line":105,"column":4},"end":{"line":105,"column":17}},"37":{"start":{"line":109,"column":4},"end":{"line":113,"column":5}},"38":{"start":{"line":110,"column":6},"end":{"line":110,"column":69}},"39":{"start":{"line":111,"column":6},"end":{"line":111,"column":62}},"40":{"start":{"line":112,"column":6},"end":{"line":112,"column":13}},"41":{"start":{"line":28,"column":13},"end":{"line":28,"column":31}},"42":{"start":{"line":28,"column":13},"end":{"line":115,"column":null}}},"fnMap":{"0":{"name":"(anonymous_2)","decl":{"start":{"line":34,"column":2},"end":{"line":34,"column":null}},"loc":{"start":{"line":34,"column":2},"end":{"line":37,"column":3}}},"1":{"name":"(anonymous_3)","decl":{"start":{"line":39,"column":2},"end":{"line":39,"column":6}},"loc":{"start":{"line":39,"column":11},"end":{"line":41,"column":3}}},"2":{"name":"(anonymous_4)","decl":{"start":{"line":43,"column":2},"end":{"line":43,"column":6}},"loc":{"start":{"line":43,"column":21},"end":{"line":46,"column":3}}},"3":{"name":"(anonymous_5)","decl":{"start":{"line":48,"column":2},"end":{"line":48,"column":8}},"loc":{"start":{"line":48,"column":21},"end":{"line":54,"column":3}}},"4":{"name":"(anonymous_6)","decl":{"start":{"line":56,"column":2},"end":{"line":56,"column":5}},"loc":{"start":{"line":56,"column":22},"end":{"line":60,"column":3}}},"5":{"name":"(anonymous_7)","decl":{"start":{"line":62,"column":2},"end":{"line":62,"column":11}},"loc":{"start":{"line":62,"column":44},"end":{"line":65,"column":3}}},"6":{"name":"(anonymous_8)","decl":{"start":{"line":67,"column":2},"end":{"line":67,"column":14}},"loc":{"start":{"line":67,"column":45},"end":{"line":79,"column":3}}},"7":{"name":"(anonymous_9)","decl":{"start":{"line":72,"column":69},"end":{"line":72,"column":72}},"loc":{"start":{"line":72,"column":74},"end":{"line":77,"column":7}}},"8":{"name":"(anonymous_10)","decl":{"start":{"line":81,"column":2},"end":{"line":81,"column":16}},"loc":{"start":{"line":84,"column":20},"end":{"line":88,"column":3}}},"9":{"name":"(anonymous_11)","decl":{"start":{"line":90,"column":2},"end":{"line":90,"column":11}},"loc":{"start":{"line":93,"column":44},"end":{"line":106,"column":3}}},"10":{"name":"(anonymous_12)","decl":{"start":{"line":97,"column":66},"end":{"line":97,"column":69}},"loc":{"start":{"line":97,"column":71},"end":{"line":104,"column":5}}},"11":{"name":"(anonymous_13)","decl":{"start":{"line":108,"column":2},"end":{"line":108,"column":17}},"loc":{"start":{"line":108,"column":52},"end":{"line":114,"column":3}}}},"branchMap":{"0":{"loc":{"start":{"line":58,"column":4},"end":{"line":58,"column":65}},"type":"if","locations":[{"start":{"line":58,"column":4},"end":{"line":58,"column":65}}]},"1":{"loc":{"start":{"line":71,"column":4},"end":{"line":78,"column":5}},"type":"if","locations":[{"start":{"line":71,"column":4},"end":{"line":78,"column":5}}]},"2":{"loc":{"start":{"line":73,"column":8},"end":{"line":76,"column":9}},"type":"if","locations":[{"start":{"line":73,"column":8},"end":{"line":76,"column":9}}]},"3":{"loc":{"start":{"line":93,"column":4},"end":{"line":93,"column":44}},"type":"default-arg","locations":[{"start":{"line":93,"column":20},"end":{"line":93,"column":44}}]},"4":{"loc":{"start":{"line":109,"column":4},"end":{"line":113,"column":5}},"type":"if","locations":[{"start":{"line":109,"column":4},"end":{"line":113,"column":5}}]}},"s":{"0":2,"1":2,"2":2,"3":2,"4":2,"5":2,"6":2,"7":2,"8":4,"9":2,"10":2,"11":0,"12":0,"13":0,"14":0,"15":0,"16":0,"17":0,"18":0,"19":0,"20":0,"21":0,"22":0,"23":0,"24":0,"25":0,"26":0,"27":0,"28":0,"29":0,"30":0,"31":0,"32":0,"33":0,"34":0,"35":0,"36":0,"37":0,"38":0,"39":0,"40":0,"41":2,"42":2},"f":{"0":2,"1":4,"2":2,"3":0,"4":0,"5":0,"6":0,"7":0,"8":0,"9":0,"10":0,"11":0},"b":{"0":[0],"1":[0],"2":[0],"3":[0],"4":[0]}}
,"C:\\Algoo\\backend\\src\\repositories\\SocketRepository.ts": {"path":"C:\\Algoo\\backend\\src\\repositories\\SocketRepository.ts","statementMap":{"0":{"start":{"line":2,"column":0},"end":{"line":2,"column":43}},"1":{"start":{"line":3,"column":0},"end":{"line":3,"column":33}},"2":{"start":{"line":6,"column":13},"end":{"line":6,"column":42}},"3":{"start":{"line":9,"column":7},"end":{"line":24,"column":null}},"4":{"start":{"line":12,"column":11},"end":{"line":12,"column":15}},"5":{"start":{"line":17,"column":4},"end":{"line":17,"column":28}},"6":{"start":{"line":18,"column":4},"end":{"line":18,"column":48}},"7":{"start":{"line":22,"column":4},"end":{"line":22,"column":54}},"8":{"start":{"line":9,"column":13},"end":{"line":9,"column":29}},"9":{"start":{"line":9,"column":13},"end":{"line":24,"column":null}}},"fnMap":{"0":{"name":"(anonymous_2)","decl":{"start":{"line":11,"column":2},"end":{"line":11,"column":null}},"loc":{"start":{"line":12,"column":21},"end":{"line":14,"column":3}}},"1":{"name":"(anonymous_3)","decl":{"start":{"line":16,"column":2},"end":{"line":16,"column":6}},"loc":{"start":{"line":16,"column":33},"end":{"line":19,"column":3}}},"2":{"name":"(anonymous_4)","decl":{"start":{"line":21,"column":2},"end":{"line":21,"column":11}},"loc":{"start":{"line":21,"column":63},"end":{"line":23,"column":3}}}},"branchMap":{"0":{"loc":{"start":{"line":21,"column":46},"end":{"line":21,"column":63}},"type":"default-arg","locations":[{"start":{"line":21,"column":61},"end":{"line":21,"column":63}}]}},"s":{"0":2,"1":2,"2":2,"3":2,"4":0,"5":0,"6":0,"7":0,"8":2,"9":2},"f":{"0":0,"1":0,"2":0},"b":{"0":[0]}}
,"C:\\Algoo\\backend\\src\\repositories\\index.ts": {"path":"C:\\Algoo\\backend\\src\\repositories\\index.ts","statementMap":{"0":{"start":{"line":1,"column":0},"end":{"line":1,"column":36}},"1":{"start":{"line":2,"column":0},"end":{"line":2,"column":34}}},"fnMap":{},"branchMap":{},"s":{"0":2,"1":2},"f":{},"b":{}}
,"C:\\Algoo\\backend\\src\\services\\AuthService.ts": {"path":"C:\\Algoo\\backend\\src\\services\\AuthService.ts","statementMap":{"0":{"start":{"line":1,"column":0},"end":{"line":1,"column":57}},"1":{"start":{"line":2,"column":0},"end":{"line":2,"column":31}},"2":{"start":{"line":3,"column":0},"end":{"line":3,"column":33}},"3":{"start":{"line":4,"column":0},"end":{"line":4,"column":34}},"4":{"start":{"line":5,"column":0},"end":{"line":5,"column":37}},"5":{"start":{"line":8,"column":7},"end":{"line":13,"column":null}},"6":{"start":{"line":10,"column":17},"end":{"line":10,"column":43}},"7":{"start":{"line":11,"column":4},"end":{"line":11,"column":66}},"8":{"start":{"line":8,"column":13},"end":{"line":8,"column":24}},"9":{"start":{"line":8,"column":13},"end":{"line":13,"column":null}}},"fnMap":{"0":{"name":"(anonymous_2)","decl":{"start":{"line":9,"column":2},"end":{"line":9,"column":8}},"loc":{"start":{"line":9,"column":25},"end":{"line":12,"column":3}}}},"branchMap":{},"s":{"0":2,"1":2,"2":2,"3":2,"4":2,"5":2,"6":0,"7":0,"8":2,"9":2},"f":{"0":0},"b":{}}
,"C:\\Algoo\\backend\\src\\utils\\logger.ts": {"path":"C:\\Algoo\\backend\\src\\utils\\logger.ts","statementMap":{"0":{"start":{"line":1,"column":0},"end":{"line":1,"column":65}},"1":{"start":{"line":2,"column":0},"end":{"line":2,"column":28}},"2":{"start":{"line":5,"column":16},"end":{"line":27,"column":null}},"3":{"start":{"line":13,"column":16},"end":{"line":13,"column":61}},"4":{"start":{"line":23,"column":16},"end":{"line":23,"column":61}},"5":{"start":{"line":32,"column":13},"end":{"line":39,"column":null}},"6":{"start":{"line":46,"column":4},"end":{"line":46,"column":70}},"7":{"start":{"line":45,"column":0},"end":{"line":45,"column":16}},"8":{"start":{"line":50,"column":4},"end":{"line":50,"column":61}},"9":{"start":{"line":51,"column":4},"end":{"line":51,"column":11}},"10":{"start":{"line":49,"column":0},"end":{"line":49,"column":16}}},"fnMap":{"0":{"name":"(anonymous_1)","decl":{"start":{"line":12,"column":26},"end":{"line":12,"column":27}},"loc":{"start":{"line":12,"column":58},"end":{"line":14,"column":13}}},"1":{"name":"(anonymous_2)","decl":{"start":{"line":22,"column":26},"end":{"line":22,"column":27}},"loc":{"start":{"line":22,"column":58},"end":{"line":24,"column":13}}},"2":{"name":"getIP","decl":{"start":{"line":45,"column":16},"end":{"line":45,"column":21}},"loc":{"start":{"line":45,"column":34},"end":{"line":47,"column":1}}},"3":{"name":"middleware","decl":{"start":{"line":49,"column":16},"end":{"line":49,"column":26}},"loc":{"start":{"line":49,"column":74},"end":{"line":52,"column":1}}}},"branchMap":{"0":{"loc":{"start":{"line":46,"column":11},"end":{"line":46,"column":69}},"type":"binary-expr","locations":[{"start":{"line":46,"column":11},"end":{"line":46,"column":41}},{"start":{"line":46,"column":45},"end":{"line":46,"column":69}}]}},"s":{"0":2,"1":2,"2":2,"3":0,"4":0,"5":2,"6":0,"7":2,"8":0,"9":0,"10":2},"f":{"0":0,"1":0,"2":0,"3":0},"b":{"0":[0,0]}}
}
