TN:
SF:openAPI.ts
FNF:0
FNH:0
DA:1,2
DA:2,2
DA:3,2
DA:4,2
DA:7,2
DA:10,2
LF:6
LH:6
BRF:0
BRH:0
end_of_record
TN:
SF:src\app.ts
FN:15,(anonymous_7)
FNF:1
FNH:0
FNDA:0,(anonymous_7)
DA:1,2
DA:2,2
DA:3,2
DA:4,2
DA:5,2
DA:7,2
DA:10,2
DA:12,2
DA:16,0
LF:9
LH:8
BRF:0
BRH:0
end_of_record
TN:
SF:src\auth.ts
FN:19,(anonymous_1)
FNF:1
FNH:0
FNDA:0,(anonymous_1)
DA:1,2
DA:2,2
DA:3,2
DA:4,2
DA:5,2
DA:8,2
DA:10,2
DA:11,2
DA:12,2
DA:13,2
DA:20,0
DA:21,0
DA:22,0
DA:24,0
LF:14
LH:10
BRDA:20,0,0,0
BRDA:20,0,1,0
BRF:2
BRH:0
end_of_record
TN:
SF:src\const.ts
FNF:0
FNH:0
DA:1,2
DA:3,2
DA:5,2
DA:6,2
LF:4
LH:4
BRDA:6,0,0,2
BRDA:6,0,1,2
BRF:2
BRH:2
end_of_record
TN:
SF:src\routingControllersOptions.ts
FN:14,(anonymous_1)
FN:15,(anonymous_2)
FN:16,(anonymous_3)
FN:23,(anonymous_4)
FNF:4
FNH:3
FNDA:2,(anonymous_1)
FNDA:2,(anonymous_2)
FNDA:2,(anonymous_3)
FNDA:0,(anonymous_4)
DA:2,2
DA:4,2
DA:7,2
DA:15,2
DA:16,2
DA:17,2
DA:18,2
DA:19,0
DA:20,0
DA:23,0
LF:10
LH:7
BRDA:17,0,0,0
BRDA:18,1,0,2
BRF:2
BRH:1
end_of_record
TN:
SF:src\controllers\AuthCtrl.ts
FN:17,(anonymous_5)
FN:23,(anonymous_6)
FN:29,(anonymous_7)
FNF:3
FNH:0
FNDA:0,(anonymous_5)
FNDA:0,(anonymous_6)
FNDA:0,(anonymous_7)
DA:1,2
DA:2,2
DA:3,2
DA:11,2
DA:12,2
DA:16,2
DA:18,0
DA:23,2
DA:24,0
DA:29,2
DA:30,0
LF:11
LH:8
BRF:0
BRH:0
end_of_record
TN:
SF:src\controllers\GameRoomCtrl.ts
FN:9,(anonymous_2)
FN:15,(anonymous_3)
FN:20,(anonymous_4)
FNF:3
FNH:3
FNDA:2,(anonymous_2)
FNDA:4,(anonymous_3)
FNDA:2,(anonymous_4)
DA:1,2
DA:2,2
DA:3,2
DA:4,2
DA:8,2
DA:10,2
DA:15,2
DA:16,4
DA:20,2
DA:21,2
DA:22,2
DA:23,2
LF:12
LH:12
BRF:0
BRH:0
end_of_record
TN:
SF:src\repositories\GameRoomRepository.ts
FN:34,(anonymous_2)
FN:39,(anonymous_3)
FN:43,(anonymous_4)
FN:48,(anonymous_5)
FN:56,(anonymous_6)
FN:62,(anonymous_7)
FN:67,(anonymous_8)
FN:72,(anonymous_9)
FN:81,(anonymous_10)
FN:90,(anonymous_11)
FN:97,(anonymous_12)
FN:108,(anonymous_13)
FNF:12
FNH:3
FNDA:2,(anonymous_2)
FNDA:4,(anonymous_3)
FNDA:2,(anonymous_4)
FNDA:0,(anonymous_5)
FNDA:0,(anonymous_6)
FNDA:0,(anonymous_7)
FNDA:0,(anonymous_8)
FNDA:0,(anonymous_9)
FNDA:0,(anonymous_10)
FNDA:0,(anonymous_11)
FNDA:0,(anonymous_12)
FNDA:0,(anonymous_13)
DA:2,2
DA:3,2
DA:10,2
DA:18,2
DA:22,2
DA:28,2
DA:35,2
DA:36,2
DA:40,4
DA:44,2
DA:45,2
DA:49,0
DA:50,0
DA:51,0
DA:53,0
DA:57,0
DA:58,0
DA:59,0
DA:63,0
DA:64,0
DA:68,0
DA:69,0
DA:71,0
DA:72,0
DA:73,0
DA:74,0
DA:75,0
DA:86,0
DA:87,0
DA:95,0
DA:97,0
DA:98,0
DA:101,0
DA:102,0
DA:103,0
DA:105,0
DA:109,0
DA:110,0
DA:111,0
DA:112,0
LF:40
LH:11
BRDA:58,0,0,0
BRDA:71,1,0,0
BRDA:73,2,0,0
BRDA:93,3,0,0
BRDA:109,4,0,0
BRF:5
BRH:0
end_of_record
TN:
SF:src\repositories\SocketRepository.ts
FN:11,(anonymous_2)
FN:16,(anonymous_3)
FN:21,(anonymous_4)
FNF:3
FNH:0
FNDA:0,(anonymous_2)
FNDA:0,(anonymous_3)
FNDA:0,(anonymous_4)
DA:2,2
DA:3,2
DA:6,2
DA:9,2
DA:12,0
DA:17,0
DA:18,0
DA:22,0
LF:8
LH:4
BRDA:21,0,0,0
BRF:1
BRH:0
end_of_record
TN:
SF:src\repositories\index.ts
FNF:0
FNH:0
DA:1,2
DA:2,2
LF:2
LH:2
BRF:0
BRH:0
end_of_record
TN:
SF:src\services\AuthService.ts
FN:9,(anonymous_2)
FNF:1
FNH:0
FNDA:0,(anonymous_2)
DA:1,2
DA:2,2
DA:3,2
DA:4,2
DA:5,2
DA:8,2
DA:10,0
DA:11,0
LF:8
LH:6
BRF:0
BRH:0
end_of_record
TN:
SF:src\utils\logger.ts
FN:12,(anonymous_1)
FN:22,(anonymous_2)
FN:45,getIP
FN:49,middleware
FNF:4
FNH:0
FNDA:0,(anonymous_1)
FNDA:0,(anonymous_2)
FNDA:0,getIP
FNDA:0,middleware
DA:1,2
DA:2,2
DA:5,2
DA:13,0
DA:23,0
DA:32,2
DA:45,2
DA:46,0
DA:49,2
DA:50,0
DA:51,0
LF:11
LH:6
BRDA:46,0,0,0
BRDA:46,0,1,0
BRF:2
BRH:0
end_of_record
